<?xml version="1.0" encoding="UTF-8"?>
<!-- Generated by org.testng.reporters.JUnitReportReporter -->
<testsuite hostname="Anas" failures="0" tests="1" name="Project1" time="6.366" errors="0" timestamp="2023-09-22T17:15:20 EET" skipped="0">
  <testcase classname="Project1" name="testAlmosaferWebsite" time="6.366"/>
  <system-out/>
</testsuite> <!-- Project1 -->
